  Department.cpp
C:\Users\AdamWilling\Documents\HK1_2021-2022\CauTrucDuLieuVaGiaiThuat\ProjectEmployeeManagement\ProjectEmployeeManagement\ListDepartment.h(12,9): error C2065: 'Department': undeclared identifier
C:\Users\AdamWilling\Documents\HK1_2021-2022\CauTrucDuLieuVaGiaiThuat\ProjectEmployeeManagement\ProjectEmployeeManagement\ListDepartment.h(12,2): error C2923: 'std::vector': 'Department' is not a valid template type argument for parameter '_Ty'
C:\Users\AdamWilling\Documents\HK1_2021-2022\CauTrucDuLieuVaGiaiThuat\ProjectEmployeeManagement\ProjectEmployeeManagement\ListDepartment.h(12): message : see declaration of 'Department'
C:\Users\AdamWilling\Documents\HK1_2021-2022\CauTrucDuLieuVaGiaiThuat\ProjectEmployeeManagement\ProjectEmployeeManagement\ListDepartment.h(12,2): error C2976: 'std::vector': too few template arguments
C:\Program Files (x86)\Microsoft Visual Studio\2019\Community\VC\Tools\MSVC\14.29.30133\include\vector(443): message : see declaration of 'std::vector'
C:\Users\AdamWilling\Documents\HK1_2021-2022\CauTrucDuLieuVaGiaiThuat\ProjectEmployeeManagement\ProjectEmployeeManagement\ListDepartment.h(15,9): error C2065: 'Department': undeclared identifier
C:\Users\AdamWilling\Documents\HK1_2021-2022\CauTrucDuLieuVaGiaiThuat\ProjectEmployeeManagement\ProjectEmployeeManagement\ListDepartment.h(15,2): error C2923: 'std::vector': 'Department' is not a valid template type argument for parameter '_Ty'
C:\Users\AdamWilling\Documents\HK1_2021-2022\CauTrucDuLieuVaGiaiThuat\ProjectEmployeeManagement\ProjectEmployeeManagement\ListDepartment.h(15): message : see declaration of 'Department'
C:\Users\AdamWilling\Documents\HK1_2021-2022\CauTrucDuLieuVaGiaiThuat\ProjectEmployeeManagement\ProjectEmployeeManagement\ListDepartment.h(15,2): error C2976: 'std::vector': too few template arguments
C:\Program Files (x86)\Microsoft Visual Studio\2019\Community\VC\Tools\MSVC\14.29.30133\include\vector(443): message : see declaration of 'std::vector'
C:\Users\AdamWilling\Documents\HK1_2021-2022\CauTrucDuLieuVaGiaiThuat\ProjectEmployeeManagement\ProjectEmployeeManagement\ListDepartment.h(19,24): error C2061: syntax error: identifier 'Department'
C:\Users\AdamWilling\Documents\HK1_2021-2022\CauTrucDuLieuVaGiaiThuat\ProjectEmployeeManagement\ProjectEmployeeManagement\ListDepartment.h(19,35): error C2535: 'void ListDepartment::insertDepartment(void)': member function already defined or declared
C:\Users\AdamWilling\Documents\HK1_2021-2022\CauTrucDuLieuVaGiaiThuat\ProjectEmployeeManagement\ProjectEmployeeManagement\ListDepartment.h(18): message : see declaration of 'ListDepartment::insertDepartment'
C:\Users\AdamWilling\Documents\HK1_2021-2022\CauTrucDuLieuVaGiaiThuat\ProjectEmployeeManagement\ProjectEmployeeManagement\ListDepartment.h(35,13): error C3646: 'searchDepartmentById': unknown override specifier
C:\Users\AdamWilling\Documents\HK1_2021-2022\CauTrucDuLieuVaGiaiThuat\ProjectEmployeeManagement\ProjectEmployeeManagement\ListDepartment.h(35,33): error C2059: syntax error: '('
C:\Users\AdamWilling\Documents\HK1_2021-2022\CauTrucDuLieuVaGiaiThuat\ProjectEmployeeManagement\ProjectEmployeeManagement\ListDepartment.h(35,41): error C2238: unexpected token(s) preceding ';'
  ListDepartment.cpp
C:\Users\AdamWilling\Documents\HK1_2021-2022\CauTrucDuLieuVaGiaiThuat\ProjectEmployeeManagement\ProjectEmployeeManagement\Employee.h(75,21): error C2061: syntax error: identifier 'ListDepartment'
  Generating Code...
